<?xml version="1.0" encoding="UTF-8"?>
<!-- Generated by org.testng.reporters.JUnitReportReporter -->
<testsuite hostname="LAPTOP-S60HSV3C" failures="0" tests="2" name="Actvity1.HomePage2" time="28.346" errors="0" timestamp="4 Jan 2022 09:54:41 GMT">
  <testcase classname="Actvity1.HomePage2" name="basePageNavigation" time="12.007"/>
  <testcase classname="Actvity1.HomePage2" name="basePageNavigation" time="16.339"/>
</testsuite> <!-- Actvity1.HomePage2 -->
