<?xml version="1.0" encoding="UTF-8"?>
<!-- Generated by org.testng.reporters.JUnitReportReporter -->
<testsuite hostname="LAPTOP-S60HSV3C" failures="0" tests="1" name="Actvity1.HomePage_ValidateTitle" time="0.033" errors="0" timestamp="4 Jan 2022 18:40:47 GMT">
  <testcase classname="Actvity1.HomePage_ValidateTitle" name="basePageNavigation" time="0.033"/>
</testsuite> <!-- Actvity1.HomePage_ValidateTitle -->
